#-----------------------------------------------------------
# Vivado v2019.1 (64-bit)
# SW Build 2552052 on Fri May 24 14:49:42 MDT 2019
# IP Build 2548770 on Fri May 24 18:01:18 MDT 2019
# Start of session at: Tue Nov 16 18:10:46 2021
# Process ID: 2588
# Current directory: E:/Automatica si Calculatoare/Cod Lab AC/MIPS_16/test_env
# Command line: vivado.exe -gui_launcher_event rodinguilauncherevent21092 E:\Automatica si Calculatoare\Cod Lab AC\MIPS_16\test_env\test_env.xpr
# Log file: E:/Automatica si Calculatoare/Cod Lab AC/MIPS_16/test_env/vivado.log
# Journal file: E:/Automatica si Calculatoare/Cod Lab AC/MIPS_16/test_env\vivado.jou
#-----------------------------------------------------------
start_gui
open_project {E:/Automatica si Calculatoare/Cod Lab AC/MIPS_16/test_env/test_env.xpr}
Scanning sources...
Finished scanning sources
INFO: [IP_Flow 19-234] Refreshing IP repositories
INFO: [IP_Flow 19-1704] No user IP repositories specified
INFO: [IP_Flow 19-2313] Loaded Vivado IP repository 'E:/Xilinx/Vivado/2019.1/data/ip'.
update_compile_order -fileset sources_1
exit
INFO: [Common 17-206] Exiting Vivado at Tue Nov 16 19:53:41 2021...
